Analysis & Synthesis report for pb
Fri May 03 18:26:56 2019
Quartus Prime Version 18.1.0 Build 625 09/12/2018 SJ Lite Edition


---------------------
; Table of Contents ;
---------------------
  1. Legal Notice
  2. Analysis & Synthesis Summary
  3. Analysis & Synthesis Settings
  4. Parallel Compilation
  5. Analysis & Synthesis Source Files Read
  6. Analysis & Synthesis Resource Usage Summary
  7. Analysis & Synthesis Resource Utilization by Entity
  8. Registers Removed During Synthesis
  9. General Register Statistics
 10. Inverted Register Statistics
 11. Multiplexer Restructuring Statistics (Restructuring Performed)
 12. Post-Synthesis Netlist Statistics for Top Partition
 13. Elapsed Time Per Partition
 14. Analysis & Synthesis Messages



----------------
; Legal Notice ;
----------------
Copyright (C) 2018  Intel Corporation. All rights reserved.
Your use of Intel Corporation's design tools, logic functions 
and other software and tools, and its AMPP partner logic 
functions, and any output files from any of the foregoing 
(including device programming or simulation files), and any 
associated documentation or information are expressly subject 
to the terms and conditions of the Intel Program License 
Subscription Agreement, the Intel Quartus Prime License Agreement,
the Intel FPGA IP License Agreement, or other applicable license
agreement, including, without limitation, that your use is for
the sole purpose of programming logic devices manufactured by
Intel and sold by Intel or its authorized distributors.  Please
refer to the applicable agreement for further details.



+-------------------------------------------------------------------------------+
; Analysis & Synthesis Summary                                                  ;
+---------------------------------+---------------------------------------------+
; Analysis & Synthesis Status     ; Successful - Fri May 03 18:26:55 2019       ;
; Quartus Prime Version           ; 18.1.0 Build 625 09/12/2018 SJ Lite Edition ;
; Revision Name                   ; pb                                          ;
; Top-level Entity Name           ; pwm_encoder_test                            ;
; Family                          ; Cyclone V                                   ;
; Logic utilization (in ALMs)     ; N/A                                         ;
; Total registers                 ; 832                                         ;
; Total pins                      ; 30                                          ;
; Total virtual pins              ; 0                                           ;
; Total block memory bits         ; 0                                           ;
; Total DSP Blocks                ; 0                                           ;
; Total HSSI RX PCSs              ; 0                                           ;
; Total HSSI PMA RX Deserializers ; 0                                           ;
; Total HSSI TX PCSs              ; 0                                           ;
; Total HSSI PMA TX Serializers   ; 0                                           ;
; Total PLLs                      ; 0                                           ;
; Total DLLs                      ; 0                                           ;
+---------------------------------+---------------------------------------------+


+---------------------------------------------------------------------------------------------------------------------------+
; Analysis & Synthesis Settings                                                                                             ;
+---------------------------------------------------------------------------------+--------------------+--------------------+
; Option                                                                          ; Setting            ; Default Value      ;
+---------------------------------------------------------------------------------+--------------------+--------------------+
; Device                                                                          ; 5CGXFC5C6F27C7     ;                    ;
; Top-level entity name                                                           ; pwm_encoder_test   ; pb                 ;
; Family name                                                                     ; Cyclone V          ; Cyclone V          ;
; Use smart compilation                                                           ; Off                ; Off                ;
; Enable parallel Assembler and Timing Analyzer during compilation                ; On                 ; On                 ;
; Enable compact report table                                                     ; Off                ; Off                ;
; Restructure Multiplexers                                                        ; Auto               ; Auto               ;
; MLAB Add Timing Constraints For Mixed-Port Feed-Through Mode Setting Don't Care ; Off                ; Off                ;
; Create Debugging Nodes for IP Cores                                             ; Off                ; Off                ;
; Preserve fewer node names                                                       ; On                 ; On                 ;
; Intel FPGA IP Evaluation Mode                                                   ; Enable             ; Enable             ;
; Verilog Version                                                                 ; Verilog_2001       ; Verilog_2001       ;
; VHDL Version                                                                    ; VHDL_1993          ; VHDL_1993          ;
; State Machine Processing                                                        ; Auto               ; Auto               ;
; Safe State Machine                                                              ; Off                ; Off                ;
; Extract Verilog State Machines                                                  ; On                 ; On                 ;
; Extract VHDL State Machines                                                     ; On                 ; On                 ;
; Ignore Verilog initial constructs                                               ; Off                ; Off                ;
; Iteration limit for constant Verilog loops                                      ; 5000               ; 5000               ;
; Iteration limit for non-constant Verilog loops                                  ; 250                ; 250                ;
; Add Pass-Through Logic to Inferred RAMs                                         ; On                 ; On                 ;
; Infer RAMs from Raw Logic                                                       ; On                 ; On                 ;
; Parallel Synthesis                                                              ; On                 ; On                 ;
; DSP Block Balancing                                                             ; Auto               ; Auto               ;
; NOT Gate Push-Back                                                              ; On                 ; On                 ;
; Power-Up Don't Care                                                             ; On                 ; On                 ;
; Remove Redundant Logic Cells                                                    ; Off                ; Off                ;
; Remove Duplicate Registers                                                      ; On                 ; On                 ;
; Ignore CARRY Buffers                                                            ; Off                ; Off                ;
; Ignore CASCADE Buffers                                                          ; Off                ; Off                ;
; Ignore GLOBAL Buffers                                                           ; Off                ; Off                ;
; Ignore ROW GLOBAL Buffers                                                       ; Off                ; Off                ;
; Ignore LCELL Buffers                                                            ; Off                ; Off                ;
; Ignore SOFT Buffers                                                             ; On                 ; On                 ;
; Limit AHDL Integers to 32 Bits                                                  ; Off                ; Off                ;
; Optimization Technique                                                          ; Balanced           ; Balanced           ;
; Carry Chain Length                                                              ; 70                 ; 70                 ;
; Auto Carry Chains                                                               ; On                 ; On                 ;
; Auto Open-Drain Pins                                                            ; On                 ; On                 ;
; Perform WYSIWYG Primitive Resynthesis                                           ; Off                ; Off                ;
; Auto ROM Replacement                                                            ; On                 ; On                 ;
; Auto RAM Replacement                                                            ; On                 ; On                 ;
; Auto DSP Block Replacement                                                      ; On                 ; On                 ;
; Auto Shift Register Replacement                                                 ; Auto               ; Auto               ;
; Allow Shift Register Merging across Hierarchies                                 ; Auto               ; Auto               ;
; Auto Clock Enable Replacement                                                   ; On                 ; On                 ;
; Strict RAM Replacement                                                          ; Off                ; Off                ;
; Allow Synchronous Control Signals                                               ; On                 ; On                 ;
; Force Use of Synchronous Clear Signals                                          ; Off                ; Off                ;
; Auto Resource Sharing                                                           ; Off                ; Off                ;
; Allow Any RAM Size For Recognition                                              ; Off                ; Off                ;
; Allow Any ROM Size For Recognition                                              ; Off                ; Off                ;
; Allow Any Shift Register Size For Recognition                                   ; Off                ; Off                ;
; Use LogicLock Constraints during Resource Balancing                             ; On                 ; On                 ;
; Ignore translate_off and synthesis_off directives                               ; Off                ; Off                ;
; Timing-Driven Synthesis                                                         ; On                 ; On                 ;
; Report Parameter Settings                                                       ; On                 ; On                 ;
; Report Source Assignments                                                       ; On                 ; On                 ;
; Report Connectivity Checks                                                      ; On                 ; On                 ;
; Ignore Maximum Fan-Out Assignments                                              ; Off                ; Off                ;
; Synchronization Register Chain Length                                           ; 3                  ; 3                  ;
; Power Optimization During Synthesis                                             ; Normal compilation ; Normal compilation ;
; HDL message level                                                               ; Level2             ; Level2             ;
; Suppress Register Optimization Related Messages                                 ; Off                ; Off                ;
; Number of Removed Registers Reported in Synthesis Report                        ; 5000               ; 5000               ;
; Number of Swept Nodes Reported in Synthesis Report                              ; 5000               ; 5000               ;
; Number of Inverted Registers Reported in Synthesis Report                       ; 100                ; 100                ;
; Clock MUX Protection                                                            ; On                 ; On                 ;
; Auto Gated Clock Conversion                                                     ; Off                ; Off                ;
; Block Design Naming                                                             ; Auto               ; Auto               ;
; SDC constraint protection                                                       ; Off                ; Off                ;
; Synthesis Effort                                                                ; Auto               ; Auto               ;
; Shift Register Replacement - Allow Asynchronous Clear Signal                    ; On                 ; On                 ;
; Pre-Mapping Resynthesis Optimization                                            ; Off                ; Off                ;
; Analysis & Synthesis Message Level                                              ; Medium             ; Medium             ;
; Disable Register Merging Across Hierarchies                                     ; Auto               ; Auto               ;
; Resource Aware Inference For Block RAM                                          ; On                 ; On                 ;
; Automatic Parallel Synthesis                                                    ; On                 ; On                 ;
; Partial Reconfiguration Bitstream ID                                            ; Off                ; Off                ;
+---------------------------------------------------------------------------------+--------------------+--------------------+


+------------------------------------------+
; Parallel Compilation                     ;
+----------------------------+-------------+
; Processors                 ; Number      ;
+----------------------------+-------------+
; Number detected on machine ; 4           ;
; Maximum allowed            ; 2           ;
;                            ;             ;
; Average used               ; 1.00        ;
; Maximum used               ; 2           ;
;                            ;             ;
; Usage by Processor         ; % Time Used ;
;     Processor 1            ; 100.0%      ;
;     Processor 2            ;   0.0%      ;
+----------------------------+-------------+


+---------------------------------------------------------------------------------------------------------------------------------------------------+
; Analysis & Synthesis Source Files Read                                                                                                            ;
+----------------------------------+-----------------+------------------------------+-----------------------------------------------------+---------+
; File Name with User-Entered Path ; Used in Netlist ; File Type                    ; File Name with Absolute Path                        ; Library ;
+----------------------------------+-----------------+------------------------------+-----------------------------------------------------+---------+
; ppm_decoder.sv                   ; yes             ; User SystemVerilog HDL File  ; C:/Intel/intelFPGA_lite/18.1/pb/ppm_decoder.sv      ;         ;
; pwm_encoder.sv                   ; yes             ; User SystemVerilog HDL File  ; C:/Intel/intelFPGA_lite/18.1/pb/pwm_encoder.sv      ;         ;
; pwm_encoder_test.sv              ; yes             ; User SystemVerilog HDL File  ; C:/Intel/intelFPGA_lite/18.1/pb/pwm_encoder_test.sv ;         ;
+----------------------------------+-----------------+------------------------------+-----------------------------------------------------+---------+


+-----------------------------------------------------+
; Analysis & Synthesis Resource Usage Summary         ;
+---------------------------------------------+-------+
; Resource                                    ; Usage ;
+---------------------------------------------+-------+
; Estimate of Logic utilization (ALMs needed) ; 591   ;
;                                             ;       ;
; Combinational ALUT usage for logic          ; 674   ;
;     -- 7 input functions                    ; 0     ;
;     -- 6 input functions                    ; 242   ;
;     -- 5 input functions                    ; 92    ;
;     -- 4 input functions                    ; 64    ;
;     -- <=3 input functions                  ; 276   ;
;                                             ;       ;
; Dedicated logic registers                   ; 832   ;
;                                             ;       ;
; I/O pins                                    ; 30    ;
;                                             ;       ;
; Total DSP Blocks                            ; 0     ;
;                                             ;       ;
; Maximum fan-out node                        ; clk   ;
; Maximum fan-out                             ; 799   ;
; Total fan-out                               ; 5591  ;
; Average fan-out                             ; 3.57  ;
+---------------------------------------------+-------+


+---------------------------------------------------------------------------------------------------------------------------------------------------------------------------------------------------------------+
; Analysis & Synthesis Resource Utilization by Entity                                                                                                                                                           ;
+----------------------------+---------------------+---------------------------+-------------------+------------+------+--------------+---------------------------------------+------------------+--------------+
; Compilation Hierarchy Node ; Combinational ALUTs ; Dedicated Logic Registers ; Block Memory Bits ; DSP Blocks ; Pins ; Virtual Pins ; Full Hierarchy Name                   ; Entity Name      ; Library Name ;
+----------------------------+---------------------+---------------------------+-------------------+------------+------+--------------+---------------------------------------+------------------+--------------+
; |pwm_encoder_test          ; 674 (112)           ; 832 (70)                  ; 0                 ; 0          ; 30   ; 0            ; |pwm_encoder_test                     ; pwm_encoder_test ; work         ;
;    |ppm_decoder:decoder|   ; 461 (461)           ; 697 (697)                 ; 0                 ; 0          ; 0    ; 0            ; |pwm_encoder_test|ppm_decoder:decoder ; ppm_decoder      ; work         ;
;    |pwm_encoder:encoder|   ; 101 (101)           ; 65 (65)                   ; 0                 ; 0          ; 0    ; 0            ; |pwm_encoder_test|pwm_encoder:encoder ; pwm_encoder      ; work         ;
+----------------------------+---------------------+---------------------------+-------------------+------------+------+--------------+---------------------------------------+------------------+--------------+
Note: For table entries with two numbers listed, the numbers in parentheses indicate the number of resources of the given type used by the specific entity alone. The numbers listed outside of parentheses indicate the total resources of the given type used by the specific entity and all of its sub-entities in the hierarchy.


+--------------------------------------------------------------------------------------+
; Registers Removed During Synthesis                                                   ;
+-----------------------------------------+--------------------------------------------+
; Register name                           ; Reason for Removal                         ;
+-----------------------------------------+--------------------------------------------+
; disp_ch[3]                              ; Stuck at GND due to stuck port data_in     ;
; ppm_decoder:decoder|ch[12][0]           ; Lost fanout                                ;
; ppm_decoder:decoder|ch[12][1]           ; Lost fanout                                ;
; ppm_decoder:decoder|ch[12][2]           ; Lost fanout                                ;
; ppm_decoder:decoder|ch[12][3]           ; Lost fanout                                ;
; ppm_decoder:decoder|ch[12][4]           ; Lost fanout                                ;
; ppm_decoder:decoder|ch[12][5]           ; Lost fanout                                ;
; ppm_decoder:decoder|ch[12][6]           ; Lost fanout                                ;
; ppm_decoder:decoder|ch[12][7]           ; Lost fanout                                ;
; ppm_decoder:decoder|ch[12][8]           ; Lost fanout                                ;
; ppm_decoder:decoder|ch[12][9]           ; Lost fanout                                ;
; ppm_decoder:decoder|ch[12][10]          ; Lost fanout                                ;
; ppm_decoder:decoder|ch[12][11]          ; Lost fanout                                ;
; ppm_decoder:decoder|ch[11][0]           ; Lost fanout                                ;
; ppm_decoder:decoder|ch[11][1]           ; Lost fanout                                ;
; ppm_decoder:decoder|ch[11][2]           ; Lost fanout                                ;
; ppm_decoder:decoder|ch[11][3]           ; Lost fanout                                ;
; ppm_decoder:decoder|ch[11][4]           ; Lost fanout                                ;
; ppm_decoder:decoder|ch[11][5]           ; Lost fanout                                ;
; ppm_decoder:decoder|ch[11][6]           ; Lost fanout                                ;
; ppm_decoder:decoder|ch[11][7]           ; Lost fanout                                ;
; ppm_decoder:decoder|ch[11][8]           ; Lost fanout                                ;
; ppm_decoder:decoder|ch[11][9]           ; Lost fanout                                ;
; ppm_decoder:decoder|ch[11][10]          ; Lost fanout                                ;
; ppm_decoder:decoder|ch[11][11]          ; Lost fanout                                ;
; ppm_decoder:decoder|ch[10][0]           ; Lost fanout                                ;
; ppm_decoder:decoder|ch[10][1]           ; Lost fanout                                ;
; ppm_decoder:decoder|ch[10][2]           ; Lost fanout                                ;
; ppm_decoder:decoder|ch[10][3]           ; Lost fanout                                ;
; ppm_decoder:decoder|ch[10][4]           ; Lost fanout                                ;
; ppm_decoder:decoder|ch[10][5]           ; Lost fanout                                ;
; ppm_decoder:decoder|ch[10][6]           ; Lost fanout                                ;
; ppm_decoder:decoder|ch[10][7]           ; Lost fanout                                ;
; ppm_decoder:decoder|ch[10][8]           ; Lost fanout                                ;
; ppm_decoder:decoder|ch[10][9]           ; Lost fanout                                ;
; ppm_decoder:decoder|ch[10][10]          ; Lost fanout                                ;
; ppm_decoder:decoder|ch[10][11]          ; Lost fanout                                ;
; ppm_decoder:decoder|ch[9][0]            ; Lost fanout                                ;
; ppm_decoder:decoder|ch[9][1]            ; Lost fanout                                ;
; ppm_decoder:decoder|ch[9][2]            ; Lost fanout                                ;
; ppm_decoder:decoder|ch[9][3]            ; Lost fanout                                ;
; ppm_decoder:decoder|ch[9][4]            ; Lost fanout                                ;
; ppm_decoder:decoder|ch[9][5]            ; Lost fanout                                ;
; ppm_decoder:decoder|ch[9][6]            ; Lost fanout                                ;
; ppm_decoder:decoder|ch[9][7]            ; Lost fanout                                ;
; ppm_decoder:decoder|ch[9][8]            ; Lost fanout                                ;
; ppm_decoder:decoder|ch[9][9]            ; Lost fanout                                ;
; ppm_decoder:decoder|ch[9][10]           ; Lost fanout                                ;
; ppm_decoder:decoder|ch[9][11]           ; Lost fanout                                ;
; ppm_decoder:decoder|ch[8][0]            ; Lost fanout                                ;
; ppm_decoder:decoder|ch[8][1]            ; Lost fanout                                ;
; ppm_decoder:decoder|ch[8][2]            ; Lost fanout                                ;
; ppm_decoder:decoder|ch[8][3]            ; Lost fanout                                ;
; ppm_decoder:decoder|ch[8][4]            ; Lost fanout                                ;
; ppm_decoder:decoder|ch[8][5]            ; Lost fanout                                ;
; ppm_decoder:decoder|ch[8][6]            ; Lost fanout                                ;
; ppm_decoder:decoder|ch[8][7]            ; Lost fanout                                ;
; ppm_decoder:decoder|ch[8][8]            ; Lost fanout                                ;
; ppm_decoder:decoder|ch[8][9]            ; Lost fanout                                ;
; ppm_decoder:decoder|ch[8][10]           ; Lost fanout                                ;
; ppm_decoder:decoder|ch[8][11]           ; Lost fanout                                ;
; val[2][0]                               ; Merged with val[3][0]                      ;
; val[1][0]                               ; Merged with val[3][0]                      ;
; val[0][0]                               ; Merged with val[3][0]                      ;
; val[2][1]                               ; Merged with val[3][1]                      ;
; val[1][1]                               ; Merged with val[3][1]                      ;
; val[0][1]                               ; Merged with val[3][1]                      ;
; val[2][2]                               ; Merged with val[3][2]                      ;
; val[1][2]                               ; Merged with val[3][2]                      ;
; val[0][2]                               ; Merged with val[3][2]                      ;
; val[2][3]                               ; Merged with val[3][3]                      ;
; val[1][3]                               ; Merged with val[3][3]                      ;
; val[0][3]                               ; Merged with val[3][3]                      ;
; val[2][4]                               ; Merged with val[3][4]                      ;
; val[1][4]                               ; Merged with val[3][4]                      ;
; val[0][4]                               ; Merged with val[3][4]                      ;
; val[2][5]                               ; Merged with val[3][5]                      ;
; val[1][5]                               ; Merged with val[3][5]                      ;
; val[0][5]                               ; Merged with val[3][5]                      ;
; val[2][6]                               ; Merged with val[3][6]                      ;
; val[1][6]                               ; Merged with val[3][6]                      ;
; val[0][6]                               ; Merged with val[3][6]                      ;
; val[2][7]                               ; Merged with val[3][7]                      ;
; val[1][7]                               ; Merged with val[3][7]                      ;
; val[0][7]                               ; Merged with val[3][7]                      ;
; val[2][8]                               ; Merged with val[3][8]                      ;
; val[1][8]                               ; Merged with val[3][8]                      ;
; val[0][8]                               ; Merged with val[3][8]                      ;
; val[2][9]                               ; Merged with val[3][9]                      ;
; val[1][9]                               ; Merged with val[3][9]                      ;
; val[0][9]                               ; Merged with val[3][9]                      ;
; val[2][10]                              ; Merged with val[3][10]                     ;
; val[1][10]                              ; Merged with val[3][10]                     ;
; val[0][10]                              ; Merged with val[3][10]                     ;
; val[2][11]                              ; Merged with val[3][11]                     ;
; val[1][11]                              ; Merged with val[3][11]                     ;
; val[0][11]                              ; Merged with val[3][11]                     ;
; pwm_encoder:encoder|pwm[1..3]           ; Merged with pwm_encoder:encoder|pwm[0]     ;
; pwm_encoder:encoder|micros[63]          ; Merged with ppm_decoder:decoder|micros[63] ;
; pwm_encoder:encoder|micros[62]          ; Merged with ppm_decoder:decoder|micros[62] ;
; pwm_encoder:encoder|micros[61]          ; Merged with ppm_decoder:decoder|micros[61] ;
; pwm_encoder:encoder|micros[60]          ; Merged with ppm_decoder:decoder|micros[60] ;
; pwm_encoder:encoder|micros[59]          ; Merged with ppm_decoder:decoder|micros[59] ;
; pwm_encoder:encoder|micros[58]          ; Merged with ppm_decoder:decoder|micros[58] ;
; pwm_encoder:encoder|micros[57]          ; Merged with ppm_decoder:decoder|micros[57] ;
; pwm_encoder:encoder|micros[56]          ; Merged with ppm_decoder:decoder|micros[56] ;
; pwm_encoder:encoder|micros[55]          ; Merged with ppm_decoder:decoder|micros[55] ;
; pwm_encoder:encoder|micros[54]          ; Merged with ppm_decoder:decoder|micros[54] ;
; pwm_encoder:encoder|micros[53]          ; Merged with ppm_decoder:decoder|micros[53] ;
; pwm_encoder:encoder|micros[52]          ; Merged with ppm_decoder:decoder|micros[52] ;
; pwm_encoder:encoder|micros[51]          ; Merged with ppm_decoder:decoder|micros[51] ;
; pwm_encoder:encoder|micros[50]          ; Merged with ppm_decoder:decoder|micros[50] ;
; pwm_encoder:encoder|micros[49]          ; Merged with ppm_decoder:decoder|micros[49] ;
; pwm_encoder:encoder|micros[48]          ; Merged with ppm_decoder:decoder|micros[48] ;
; pwm_encoder:encoder|micros[47]          ; Merged with ppm_decoder:decoder|micros[47] ;
; pwm_encoder:encoder|micros[46]          ; Merged with ppm_decoder:decoder|micros[46] ;
; pwm_encoder:encoder|micros[45]          ; Merged with ppm_decoder:decoder|micros[45] ;
; pwm_encoder:encoder|micros[44]          ; Merged with ppm_decoder:decoder|micros[44] ;
; pwm_encoder:encoder|micros[43]          ; Merged with ppm_decoder:decoder|micros[43] ;
; pwm_encoder:encoder|micros[42]          ; Merged with ppm_decoder:decoder|micros[42] ;
; pwm_encoder:encoder|micros[41]          ; Merged with ppm_decoder:decoder|micros[41] ;
; pwm_encoder:encoder|micros[40]          ; Merged with ppm_decoder:decoder|micros[40] ;
; pwm_encoder:encoder|micros[39]          ; Merged with ppm_decoder:decoder|micros[39] ;
; pwm_encoder:encoder|micros[38]          ; Merged with ppm_decoder:decoder|micros[38] ;
; pwm_encoder:encoder|micros[37]          ; Merged with ppm_decoder:decoder|micros[37] ;
; pwm_encoder:encoder|micros[36]          ; Merged with ppm_decoder:decoder|micros[36] ;
; pwm_encoder:encoder|micros[35]          ; Merged with ppm_decoder:decoder|micros[35] ;
; pwm_encoder:encoder|micros[34]          ; Merged with ppm_decoder:decoder|micros[34] ;
; pwm_encoder:encoder|micros[33]          ; Merged with ppm_decoder:decoder|micros[33] ;
; pwm_encoder:encoder|micros[32]          ; Merged with ppm_decoder:decoder|micros[32] ;
; pwm_encoder:encoder|micros[31]          ; Merged with ppm_decoder:decoder|micros[31] ;
; pwm_encoder:encoder|micros[30]          ; Merged with ppm_decoder:decoder|micros[30] ;
; pwm_encoder:encoder|micros[29]          ; Merged with ppm_decoder:decoder|micros[29] ;
; pwm_encoder:encoder|micros[28]          ; Merged with ppm_decoder:decoder|micros[28] ;
; pwm_encoder:encoder|micros[27]          ; Merged with ppm_decoder:decoder|micros[27] ;
; pwm_encoder:encoder|micros[26]          ; Merged with ppm_decoder:decoder|micros[26] ;
; pwm_encoder:encoder|micros[25]          ; Merged with ppm_decoder:decoder|micros[25] ;
; pwm_encoder:encoder|micros[24]          ; Merged with ppm_decoder:decoder|micros[24] ;
; pwm_encoder:encoder|micros[23]          ; Merged with ppm_decoder:decoder|micros[23] ;
; pwm_encoder:encoder|micros[22]          ; Merged with ppm_decoder:decoder|micros[22] ;
; pwm_encoder:encoder|micros[21]          ; Merged with ppm_decoder:decoder|micros[21] ;
; pwm_encoder:encoder|micros[20]          ; Merged with ppm_decoder:decoder|micros[20] ;
; pwm_encoder:encoder|micros[19]          ; Merged with ppm_decoder:decoder|micros[19] ;
; pwm_encoder:encoder|micros[18]          ; Merged with ppm_decoder:decoder|micros[18] ;
; pwm_encoder:encoder|micros[17]          ; Merged with ppm_decoder:decoder|micros[17] ;
; pwm_encoder:encoder|micros[16]          ; Merged with ppm_decoder:decoder|micros[16] ;
; pwm_encoder:encoder|micros[15]          ; Merged with ppm_decoder:decoder|micros[15] ;
; pwm_encoder:encoder|micros[14]          ; Merged with ppm_decoder:decoder|micros[14] ;
; pwm_encoder:encoder|micros[13]          ; Merged with ppm_decoder:decoder|micros[13] ;
; pwm_encoder:encoder|micros[12]          ; Merged with ppm_decoder:decoder|micros[12] ;
; pwm_encoder:encoder|micros[11]          ; Merged with ppm_decoder:decoder|micros[11] ;
; pwm_encoder:encoder|micros[10]          ; Merged with ppm_decoder:decoder|micros[10] ;
; pwm_encoder:encoder|micros[9]           ; Merged with ppm_decoder:decoder|micros[9]  ;
; pwm_encoder:encoder|micros[8]           ; Merged with ppm_decoder:decoder|micros[8]  ;
; pwm_encoder:encoder|micros[7]           ; Merged with ppm_decoder:decoder|micros[7]  ;
; pwm_encoder:encoder|micros[6]           ; Merged with ppm_decoder:decoder|micros[6]  ;
; pwm_encoder:encoder|micros[5]           ; Merged with ppm_decoder:decoder|micros[5]  ;
; pwm_encoder:encoder|micros[4]           ; Merged with ppm_decoder:decoder|micros[4]  ;
; pwm_encoder:encoder|micros[3]           ; Merged with ppm_decoder:decoder|micros[3]  ;
; pwm_encoder:encoder|micros[2]           ; Merged with ppm_decoder:decoder|micros[2]  ;
; pwm_encoder:encoder|micros[1]           ; Merged with ppm_decoder:decoder|micros[1]  ;
; pwm_encoder:encoder|micros[0]           ; Merged with ppm_decoder:decoder|micros[0]  ;
; Total Number of Removed Registers = 164 ;                                            ;
+-----------------------------------------+--------------------------------------------+


+------------------------------------------------------+
; General Register Statistics                          ;
+----------------------------------------------+-------+
; Statistic                                    ; Value ;
+----------------------------------------------+-------+
; Total registers                              ; 832   ;
; Number of registers using Synchronous Clear  ; 321   ;
; Number of registers using Synchronous Load   ; 0     ;
; Number of registers using Asynchronous Clear ; 0     ;
; Number of registers using Asynchronous Load  ; 0     ;
; Number of registers using Clock Enable       ; 696   ;
; Number of registers using Preset             ; 0     ;
+----------------------------------------------+-------+


+--------------------------------------------------+
; Inverted Register Statistics                     ;
+----------------------------------------+---------+
; Inverted Register                      ; Fan out ;
+----------------------------------------+---------+
; LED_PPM~reg0                           ; 2       ;
; ppm_decoder:decoder|last_ppm           ; 7       ;
; Total number of inverted registers = 2 ;         ;
+----------------------------------------+---------+


+---------------------------------------------------------------------------------------------------------------------------------------------------------------+
; Multiplexer Restructuring Statistics (Restructuring Performed)                                                                                                ;
+--------------------+-----------+---------------+----------------------+------------------------+------------+-------------------------------------------------+
; Multiplexer Inputs ; Bus Width ; Baseline Area ; Area if Restructured ; Saving if Restructured ; Registered ; Example Multiplexer Output                      ;
+--------------------+-----------+---------------+----------------------+------------------------+------------+-------------------------------------------------+
; 3:1                ; 64 bits   ; 128 LEs       ; 0 LEs                ; 128 LEs                ; Yes        ; |pwm_encoder_test|ppm_decoder:decoder|t0[42]    ;
; 3:1                ; 12 bits   ; 24 LEs        ; 0 LEs                ; 24 LEs                 ; Yes        ; |pwm_encoder_test|ppm_decoder:decoder|ch[0][11] ;
; 3:1                ; 12 bits   ; 24 LEs        ; 0 LEs                ; 24 LEs                 ; Yes        ; |pwm_encoder_test|ppm_decoder:decoder|ch[1][11] ;
; 3:1                ; 12 bits   ; 24 LEs        ; 0 LEs                ; 24 LEs                 ; Yes        ; |pwm_encoder_test|ppm_decoder:decoder|ch[2][11] ;
; 3:1                ; 12 bits   ; 24 LEs        ; 0 LEs                ; 24 LEs                 ; Yes        ; |pwm_encoder_test|ppm_decoder:decoder|ch[3][11] ;
; 3:1                ; 12 bits   ; 24 LEs        ; 0 LEs                ; 24 LEs                 ; Yes        ; |pwm_encoder_test|ppm_decoder:decoder|ch[4][11] ;
; 3:1                ; 12 bits   ; 24 LEs        ; 0 LEs                ; 24 LEs                 ; Yes        ; |pwm_encoder_test|ppm_decoder:decoder|ch[5][3]  ;
; 3:1                ; 12 bits   ; 24 LEs        ; 0 LEs                ; 24 LEs                 ; Yes        ; |pwm_encoder_test|ppm_decoder:decoder|ch[6][6]  ;
; 3:1                ; 12 bits   ; 24 LEs        ; 0 LEs                ; 24 LEs                 ; Yes        ; |pwm_encoder_test|ppm_decoder:decoder|ch[7][7]  ;
; 3:1                ; 64 bits   ; 128 LEs       ; 0 LEs                ; 128 LEs                ; Yes        ; |pwm_encoder_test|pwm_encoder:encoder|t0[28]    ;
; 4:1                ; 4 bits    ; 8 LEs         ; 8 LEs                ; 0 LEs                  ; Yes        ; |pwm_encoder_test|ppm_decoder:decoder|chi[0]    ;
; 3:1                ; 12 bits   ; 24 LEs        ; 24 LEs               ; 0 LEs                  ; No         ; |pwm_encoder_test|ppm_decoder:decoder|ch1       ;
; 8:1                ; 12 bits   ; 60 LEs        ; 60 LEs               ; 0 LEs                  ; No         ; |pwm_encoder_test|Mux11                         ;
; 16:1               ; 36 bits   ; 360 LEs       ; 360 LEs              ; 0 LEs                  ; No         ; |pwm_encoder_test|ppm_decoder:decoder|Mux26     ;
; 6:1                ; 12 bits   ; 48 LEs        ; 24 LEs               ; 24 LEs                 ; No         ; |pwm_encoder_test|ppm_decoder:decoder|ch        ;
+--------------------+-----------+---------------+----------------------+------------------------+------------+-------------------------------------------------+


+-----------------------------------------------------+
; Post-Synthesis Netlist Statistics for Top Partition ;
+-----------------------+-----------------------------+
; Type                  ; Count                       ;
+-----------------------+-----------------------------+
; arriav_ff             ; 832                         ;
;     ENA               ; 472                         ;
;     ENA SCLR          ; 224                         ;
;     SCLR              ; 97                          ;
;     plain             ; 39                          ;
; arriav_lcell_comb     ; 675                         ;
;     arith             ; 114                         ;
;         0 data inputs ; 1                           ;
;         1 data inputs ; 112                         ;
;         2 data inputs ; 1                           ;
;     normal            ; 433                         ;
;         1 data inputs ; 2                           ;
;         2 data inputs ; 16                          ;
;         3 data inputs ; 17                          ;
;         4 data inputs ; 64                          ;
;         5 data inputs ; 92                          ;
;         6 data inputs ; 242                         ;
;     shared            ; 128                         ;
;         2 data inputs ; 128                         ;
; boundary_port         ; 30                          ;
;                       ;                             ;
; Max LUT depth         ; 10.00                       ;
; Average LUT depth     ; 6.65                        ;
+-----------------------+-----------------------------+


+-------------------------------+
; Elapsed Time Per Partition    ;
+----------------+--------------+
; Partition Name ; Elapsed Time ;
+----------------+--------------+
; Top            ; 00:00:02     ;
+----------------+--------------+


+-------------------------------+
; Analysis & Synthesis Messages ;
+-------------------------------+
Info: *******************************************************************
Info: Running Quartus Prime Analysis & Synthesis
    Info: Version 18.1.0 Build 625 09/12/2018 SJ Lite Edition
    Info: Processing started: Fri May 03 18:26:37 2019
Info: Command: quartus_map --read_settings_files=on --write_settings_files=off pb -c pb
Warning (18236): Number of processors has not been specified which may cause overloading on shared machines.  Set the global assignment NUM_PARALLEL_PROCESSORS in your QSF to an appropriate value for best performance.
Info (20030): Parallel compilation is enabled and will use 2 of the 2 processors detected
Info (12021): Found 1 design units, including 1 entities, in source file ppm_decoder.sv
    Info (12023): Found entity 1: ppm_decoder File: C:/Intel/intelFPGA_lite/18.1/pb/ppm_decoder.sv Line: 1
Info (12021): Found 1 design units, including 1 entities, in source file ppm_decoder_test.sv
    Info (12023): Found entity 1: ppm_decoder_test File: C:/Intel/intelFPGA_lite/18.1/pb/ppm_decoder_test.sv Line: 1
Info (12021): Found 1 design units, including 1 entities, in source file pwm_encoder.sv
    Info (12023): Found entity 1: pwm_encoder File: C:/Intel/intelFPGA_lite/18.1/pb/pwm_encoder.sv Line: 1
Info (12021): Found 1 design units, including 1 entities, in source file pwm_encoder_test.sv
    Info (12023): Found entity 1: pwm_encoder_test File: C:/Intel/intelFPGA_lite/18.1/pb/pwm_encoder_test.sv Line: 1
Info (12021): Found 1 design units, including 1 entities, in source file pwm_test.sv
    Info (12023): Found entity 1: pwm_test File: C:/Intel/intelFPGA_lite/18.1/pb/pwm_test.sv Line: 1
Info (12127): Elaborating entity "pwm_encoder_test" for the top level hierarchy
Warning (10230): Verilog HDL assignment warning at pwm_encoder_test.sv(39): truncated value with size 32 to match size of target (1) File: C:/Intel/intelFPGA_lite/18.1/pb/pwm_encoder_test.sv Line: 39
Warning (10230): Verilog HDL assignment warning at pwm_encoder_test.sv(40): truncated value with size 32 to match size of target (1) File: C:/Intel/intelFPGA_lite/18.1/pb/pwm_encoder_test.sv Line: 40
Warning (10230): Verilog HDL assignment warning at pwm_encoder_test.sv(41): truncated value with size 32 to match size of target (1) File: C:/Intel/intelFPGA_lite/18.1/pb/pwm_encoder_test.sv Line: 41
Warning (10230): Verilog HDL assignment warning at pwm_encoder_test.sv(42): truncated value with size 32 to match size of target (1) File: C:/Intel/intelFPGA_lite/18.1/pb/pwm_encoder_test.sv Line: 42
Warning (10230): Verilog HDL assignment warning at pwm_encoder_test.sv(43): truncated value with size 32 to match size of target (1) File: C:/Intel/intelFPGA_lite/18.1/pb/pwm_encoder_test.sv Line: 43
Warning (10230): Verilog HDL assignment warning at pwm_encoder_test.sv(44): truncated value with size 32 to match size of target (1) File: C:/Intel/intelFPGA_lite/18.1/pb/pwm_encoder_test.sv Line: 44
Warning (10230): Verilog HDL assignment warning at pwm_encoder_test.sv(45): truncated value with size 32 to match size of target (1) File: C:/Intel/intelFPGA_lite/18.1/pb/pwm_encoder_test.sv Line: 45
Warning (10230): Verilog HDL assignment warning at pwm_encoder_test.sv(46): truncated value with size 32 to match size of target (1) File: C:/Intel/intelFPGA_lite/18.1/pb/pwm_encoder_test.sv Line: 46
Warning (10230): Verilog HDL assignment warning at pwm_encoder_test.sv(47): truncated value with size 32 to match size of target (1) File: C:/Intel/intelFPGA_lite/18.1/pb/pwm_encoder_test.sv Line: 47
Warning (10230): Verilog HDL assignment warning at pwm_encoder_test.sv(48): truncated value with size 32 to match size of target (1) File: C:/Intel/intelFPGA_lite/18.1/pb/pwm_encoder_test.sv Line: 48
Warning (10230): Verilog HDL assignment warning at pwm_encoder_test.sv(49): truncated value with size 32 to match size of target (1) File: C:/Intel/intelFPGA_lite/18.1/pb/pwm_encoder_test.sv Line: 49
Warning (10230): Verilog HDL assignment warning at pwm_encoder_test.sv(50): truncated value with size 32 to match size of target (1) File: C:/Intel/intelFPGA_lite/18.1/pb/pwm_encoder_test.sv Line: 50
Warning (10230): Verilog HDL assignment warning at pwm_encoder_test.sv(51): truncated value with size 32 to match size of target (1) File: C:/Intel/intelFPGA_lite/18.1/pb/pwm_encoder_test.sv Line: 51
Warning (10230): Verilog HDL assignment warning at pwm_encoder_test.sv(52): truncated value with size 32 to match size of target (1) File: C:/Intel/intelFPGA_lite/18.1/pb/pwm_encoder_test.sv Line: 52
Warning (10230): Verilog HDL assignment warning at pwm_encoder_test.sv(53): truncated value with size 32 to match size of target (1) File: C:/Intel/intelFPGA_lite/18.1/pb/pwm_encoder_test.sv Line: 53
Warning (10230): Verilog HDL assignment warning at pwm_encoder_test.sv(54): truncated value with size 32 to match size of target (1) File: C:/Intel/intelFPGA_lite/18.1/pb/pwm_encoder_test.sv Line: 54
Info (12128): Elaborating entity "ppm_decoder" for hierarchy "ppm_decoder:decoder" File: C:/Intel/intelFPGA_lite/18.1/pb/pwm_encoder_test.sv Line: 18
Warning (10230): Verilog HDL assignment warning at ppm_decoder.sv(41): truncated value with size 32 to match size of target (12) File: C:/Intel/intelFPGA_lite/18.1/pb/ppm_decoder.sv Line: 41
Warning (10230): Verilog HDL assignment warning at ppm_decoder.sv(48): truncated value with size 32 to match size of target (4) File: C:/Intel/intelFPGA_lite/18.1/pb/ppm_decoder.sv Line: 48
Info (12128): Elaborating entity "pwm_encoder" for hierarchy "pwm_encoder:encoder" File: C:/Intel/intelFPGA_lite/18.1/pb/pwm_encoder_test.sv Line: 23
Info (286030): Timing-Driven Synthesis is running
Info (17049): 60 registers lost all their fanouts during netlist optimizations.
Info (16010): Generating hard_block partition "hard_block:auto_generated_inst"
    Info (16011): Adding 0 node(s), including 0 DDIO, 0 PLL, 0 transceiver and 0 LCELL
Info (21057): Implemented 1414 device resources after synthesis - the final resource count might be different
    Info (21058): Implemented 8 input pins
    Info (21059): Implemented 22 output pins
    Info (21061): Implemented 1384 logic cells
Info: Quartus Prime Analysis & Synthesis was successful. 0 errors, 19 warnings
    Info: Peak virtual memory: 4829 megabytes
    Info: Processing ended: Fri May 03 18:26:56 2019
    Info: Elapsed time: 00:00:19
    Info: Total CPU time (on all processors): 00:00:37


